Arguments: 
  C:\Program Files\nodejs\node.exe C:\Program Files (x86)\Yarn\bin\yarn.js add element-plus

PATH: 
  D:\anaconda3\condabin;D:\Program Files (x86)\Go\bin;C:\Program Files\NVIDIA GPU Computing Toolkit\CUDA\v10.1\bin;C:\Program Files\NVIDIA GPU Computing Toolkit\CUDA\v10.1\libnvvp;C:\Program Files (x86)\Common Files\Oracle\Java\javapath;C:\Program Files\Microsoft MPI\Bin\;C:\ProgramData\Oracle\Java\javapath;C:\WINDOWS\system32;C:\WINDOWS;C:\WINDOWS\System32\Wbem;C:\WINDOWS\System32\WindowsPowerShell\v1.0\;C:\Program Files (x86)\NVIDIA Corporation\PhysX\Common;C:\Program Files\Microsoft SQL Server\120\Tools\Binn\;C:\Program Files\Microsoft SQL Server\130\Tools\Binn\;C:\Program Files\PuTTY\;C:\Users\cheng\AppData\Local\Programs\Python\Python36\;C:\Program Files\dotnet\;C:\WINDOWS\System32\OpenSSH\;G:\ffmpeg\bin;C:\opencv\build\x64\vc15\lib;C:\opencv\build\x64\vc15\bin;C:\Program Files (x86)\Yarn\bin\;C:\WINDOWS\system32;C:\WINDOWS;C:\WINDOWS\System32\Wbem;C:\WINDOWS\System32\WindowsPowerShell\v1.0\;C:\WINDOWS\System32\OpenSSH\;D:\Anaconda3\Scripts;C:\Program Files\NVIDIA Corporation\Nsight Compute 2019.4.0\;C:\Program Files (x86)\Microsoft Visual Studio\Shared\Python36_64;C:\Program Files\NVIDIA Corporation\NVIDIA NvDLISR;C:\Program Files\Docker\Docker\resources\bin;C:\ProgramData\DockerDesktop\version-bin;C:\Program Files\nodejs\;D:\Program Files (x86)\Go\bin;D:\Git\cmd;C:\Program Files (x86)\Microsoft Visual Studio\Shared\Python36_64\Scripts;C:\Program Files (x86)\Microsoft Visual Studio\Shared\Python36_64\Lib;C:\Users\cheng\AppData\Local\Programs\Python\Python36\;C:\Users\cheng\AppData\Local\Microsoft\WindowsApps;C:\Users\cheng\AppData\Local\GitHubDesktop\bin;C:\Users\cheng\Downloads\BIND9.9.6;C:\Program Files\Amazon\AWSCLI;C:\Program Files\heroku\bin;C:\Users\cheng\AppData\Local\Microsoft\WindowsApps;G:\ffmpeg\bin;C:\opencv\build\x64\vc15\lib;C:\opencv\build\x64\vc15\bin;D:\PyCharm Community Edition 2019.1\bin;;C:\Users\cheng\AppData\Local\Yarn\bin;D:\anaconda3;D:\anaconda3\Scripts;D:\anaconda3\Library\bin;C:\Users\cheng\AppData\Local\Programs\Microsoft VS Code\bin;C:\mingw-w64\mingw32\bin;C:\Users\cheng\AppData\Roaming\npm;D:\Program Files (x86)\Go\bin;D:\Program Files (x86)\PostgreSQL\13\bin;C:\Go\gotools\bin;

Yarn version: 
  1.15.2

Node version: 
  16.9.1

Platform: 
  win32 x64

Trace: 
  Error: EPERM: operation not permitted, unlink 'G:\react-shopCart\node_modules\esbuild-windows-64\esbuild.exe'

npm manifest: 
  {
    "name": "react-shopcart",
    "version": "0.0.0",
    "scripts": {
      "dev": "vite",
      "build": "vite build",
      "serve": "vite preview"
    },
    "dependencies": {
      "axios": "^0.23.0",
      "vue": "^3.2.16",
      "vue-router": "4",
      "vuex": "^4.0.2"
    },
    "devDependencies": {
      "@vitejs/plugin-vue": "^1.9.3",
      "@vue/cli-plugin-router": "^5.0.0-beta.6",
      "vite": "^2.6.4"
    }
  }

yarn manifest: 
  No manifest

Lockfile: 
  # THIS IS AN AUTOGENERATED FILE. DO NOT EDIT THIS FILE DIRECTLY.
  # yarn lockfile v1
  
  
  "@babel/code-frame@^7.0.0":
    "integrity" "sha512-2IAnmn8zbvC/jKYhq5Ki9I+DwjlrtMPUCH/CpHvqI4dNnlwHwsxoIhlc8WcYY5LSYknXQtAlFYuHfqAFCvQ4Wg=="
    "resolved" "https://registry.npmjs.org/@babel/code-frame/-/code-frame-7.15.8.tgz"
    "version" "7.15.8"
    dependencies:
      "@babel/highlight" "^7.14.5"
  
  "@babel/helper-validator-identifier@^7.14.5":
    "integrity" "sha512-K4JvCtQqad9OY2+yTU8w+E82ywk/fe+ELNlt1G8z3bVGlZfn/hOcQQsUhGhW/N+tb3fxK800wLtKOE/aM0m72w=="
    "resolved" "https://registry.npmjs.org/@babel/helper-validator-identifier/-/helper-validator-identifier-7.15.7.tgz"
    "version" "7.15.7"
  
  "@babel/highlight@^7.14.5":
    "integrity" "sha512-qf9u2WFWVV0MppaL877j2dBtQIDgmidgjGk5VIMw3OadXvYaXn66U1BFlH2t4+t3i+8PhedppRv+i40ABzd+gg=="
    "resolved" "https://registry.npmjs.org/@babel/highlight/-/highlight-7.14.5.tgz"
    "version" "7.14.5"
    dependencies:
      "@babel/helper-validator-identifier" "^7.14.5"
      "chalk" "^2.0.0"
      "js-tokens" "^4.0.0"
  
  "@babel/parser@^7.15.0":
    "integrity" "sha1-e6zcvnG9w/+TbVEMFdzqfPC5kBY="
    "resolved" "https://registry.npmmirror.com/@babel/parser/download/@babel/parser-7.15.8.tgz?cache=0&sync_timestamp=1633554010636&other_urls=https%3A%2F%2Fregistry.npmmirror.com%2F%40babel%2Fparser%2Fdownload%2F%40babel%2Fparser-7.15.8.tgz"
    "version" "7.15.8"
  
  "@hapi/hoek@^9.0.0":
    "integrity" "sha512-gfta+H8aziZsm8pZa0vj04KO6biEiisppNgA1kbJvFrrWu9Vm7eaUEy76DIxsuTaWvti5fkJVhllWc6ZTE+Mdw=="
    "resolved" "https://registry.npmjs.org/@hapi/hoek/-/hoek-9.2.1.tgz"
    "version" "9.2.1"
  
  "@hapi/topo@^5.0.0":
    "integrity" "sha512-foQZKJig7Ob0BMAYBfcJk8d77QtOe7Wo4ox7ff1lQYoNNAb6jwcY1ncdoy2e9wQZzvNy7ODZCYJkK8kzmcAnAg=="
    "resolved" "https://registry.npmjs.org/@hapi/topo/-/topo-5.1.0.tgz"
    "version" "5.1.0"
    dependencies:
      "@hapi/hoek" "^9.0.0"
  
  "@sideway/address@^4.1.0":
    "integrity" "sha512-idTz8ibqWFrPU8kMirL0CoPH/A29XOzzAzpyN3zQ4kAWnzmNfFmRaoMNN6VI8ske5M73HZyhIaW4OuSFIdM4oA=="
    "resolved" "https://registry.npmjs.org/@sideway/address/-/address-4.1.2.tgz"
    "version" "4.1.2"
    dependencies:
      "@hapi/hoek" "^9.0.0"
  
  "@sideway/formula@^3.0.0":
    "integrity" "sha512-vHe7wZ4NOXVfkoRb8T5otiENVlT7a3IAiw7H5M2+GO+9CDgcVUUsX1zalAztCmwyOr2RUTGJdgB+ZvSVqmdHmg=="
    "resolved" "https://registry.npmjs.org/@sideway/formula/-/formula-3.0.0.tgz"
    "version" "3.0.0"
  
  "@sideway/pinpoint@^2.0.0":
    "integrity" "sha512-RNiOoTPkptFtSVzQevY/yWtZwf/RxyVnPy/OcA9HBM3MlGDnBEYL5B41H0MTn0Uec8Hi+2qUtTfG2WWZBmMejQ=="
    "resolved" "https://registry.npmjs.org/@sideway/pinpoint/-/pinpoint-2.0.0.tgz"
    "version" "2.0.0"
  
  "@types/normalize-package-data@^2.4.0":
    "integrity" "sha512-Gj7cI7z+98M282Tqmp2K5EIsoouUEzbBJhQQzDE3jSIRk6r9gsz0oUokqIUR4u1R3dMHo0pDHM7sNOHyhulypw=="
    "resolved" "https://registry.npmjs.org/@types/normalize-package-data/-/normalize-package-data-2.4.1.tgz"
    "version" "2.4.1"
  
  "@vitejs/plugin-vue@^1.9.3":
    "integrity" "sha1-k9YYk85scj0CCa8Eg+yLkaLNgR8="
    "resolved" "https://registry.npmmirror.com/@vitejs/plugin-vue/download/@vitejs/plugin-vue-1.9.3.tgz"
    "version" "1.9.3"
  
  "@vue/cli-plugin-router@^5.0.0-beta.6":
    "integrity" "sha512-jXEsp4D41h/a1kA+YJJ9pxGh3qT0DAu9ZHFGOSIlu5pbA+tuHhiSgariEJMtK0w1phjvQHye6SWsYlPAGSSzVg=="
    "resolved" "https://registry.npmjs.org/@vue/cli-plugin-router/-/cli-plugin-router-5.0.0-beta.6.tgz"
    "version" "5.0.0-beta.6"
    dependencies:
      "@vue/cli-shared-utils" "^5.0.0-beta.6"
  
  "@vue/cli-shared-utils@^5.0.0-beta.6":
    "integrity" "sha512-Q86GTXHPgUFIhQvCwTSReK6cWcX8My8ApjQUg5H94FV+t6Qo9pFdczjTPROC9vkWUIhu3hndPGk6MDYPDI3Rww=="
    "resolved" "https://registry.npmjs.org/@vue/cli-shared-utils/-/cli-shared-utils-5.0.0-beta.6.tgz"
    "version" "5.0.0-beta.6"
    dependencies:
      "chalk" "^4.1.2"
      "execa" "^1.0.0"
      "joi" "^17.4.0"
      "launch-editor" "^2.2.1"
      "lru-cache" "^6.0.0"
      "node-fetch" "^2.6.1"
      "node-ipc" "^9.1.1"
      "open" "^8.0.2"
      "ora" "^5.3.0"
      "read-pkg" "^5.1.1"
      "semver" "^7.3.4"
      "strip-ansi" "^6.0.0"
  
  "@vue/compiler-core@3.2.20":
    "integrity" "sha1-r1o8UjeBiDWw0L6DfrWIWo0hwWA="
    "resolved" "https://registry.npmmirror.com/@vue/compiler-core/download/@vue/compiler-core-3.2.20.tgz"
    "version" "3.2.20"
    dependencies:
      "@babel/parser" "^7.15.0"
      "@vue/shared" "3.2.20"
      "estree-walker" "^2.0.2"
      "source-map" "^0.6.1"
  
  "@vue/compiler-dom@3.2.20":
    "integrity" "sha1-jg7zVEScD69BUZsAv8IEXq4B3LU="
    "resolved" "https://registry.npmmirror.com/@vue/compiler-dom/download/@vue/compiler-dom-3.2.20.tgz"
    "version" "3.2.20"
    dependencies:
      "@vue/compiler-core" "3.2.20"
      "@vue/shared" "3.2.20"
  
  "@vue/compiler-sfc@3.2.20":
    "integrity" "sha1-LXZo528GbFZt18CcFcmszk6Hbgo="
    "resolved" "https://registry.npmmirror.com/@vue/compiler-sfc/download/@vue/compiler-sfc-3.2.20.tgz"
    "version" "3.2.20"
    dependencies:
      "@babel/parser" "^7.15.0"
      "@vue/compiler-core" "3.2.20"
      "@vue/compiler-dom" "3.2.20"
      "@vue/compiler-ssr" "3.2.20"
      "@vue/ref-transform" "3.2.20"
      "@vue/shared" "3.2.20"
      "estree-walker" "^2.0.2"
      "magic-string" "^0.25.7"
      "postcss" "^8.1.10"
      "source-map" "^0.6.1"
  
  "@vue/compiler-ssr@3.2.20":
    "integrity" "sha1-nM62Jh2ZMstVaCAmEMHCj4bF5SE="
    "resolved" "https://registry.npmmirror.com/@vue/compiler-ssr/download/@vue/compiler-ssr-3.2.20.tgz"
    "version" "3.2.20"
    dependencies:
      "@vue/compiler-dom" "3.2.20"
      "@vue/shared" "3.2.20"
  
  "@vue/devtools-api@^6.0.0-beta.11", "@vue/devtools-api@^6.0.0-beta.18":
    "integrity" "sha1-+OiAWdqkJFFZkkJqDH6lzeB+mb8="
    "resolved" "https://registry.npmmirror.com/@vue/devtools-api/download/@vue/devtools-api-6.0.0-beta.19.tgz"
    "version" "6.0.0-beta.19"
  
  "@vue/reactivity@3.2.20":
    "integrity" "sha1-gf4cNo5/ILwOwd7BBFu+4lNYLeg="
    "resolved" "https://registry.npmmirror.com/@vue/reactivity/download/@vue/reactivity-3.2.20.tgz"
    "version" "3.2.20"
    dependencies:
      "@vue/shared" "3.2.20"
  
  "@vue/ref-transform@3.2.20":
    "integrity" "sha1-KlnskMr45cczZ3agkAv/CouBwJA="
    "resolved" "https://registry.npmmirror.com/@vue/ref-transform/download/@vue/ref-transform-3.2.20.tgz"
    "version" "3.2.20"
    dependencies:
      "@babel/parser" "^7.15.0"
      "@vue/compiler-core" "3.2.20"
      "@vue/shared" "3.2.20"
      "estree-walker" "^2.0.2"
      "magic-string" "^0.25.7"
  
  "@vue/runtime-core@3.2.20":
    "integrity" "sha1-j2PpVqP4j7dyVBRDxFp3ASEQEss="
    "resolved" "https://registry.npmmirror.com/@vue/runtime-core/download/@vue/runtime-core-3.2.20.tgz"
    "version" "3.2.20"
    dependencies:
      "@vue/reactivity" "3.2.20"
      "@vue/shared" "3.2.20"
  
  "@vue/runtime-dom@3.2.20":
    "integrity" "sha1-iqVq5sMPnNSnHKDp7DxL3GcUjRU="
    "resolved" "https://registry.npmmirror.com/@vue/runtime-dom/download/@vue/runtime-dom-3.2.20.tgz"
    "version" "3.2.20"
    dependencies:
      "@vue/runtime-core" "3.2.20"
      "@vue/shared" "3.2.20"
      "csstype" "^2.6.8"
  
  "@vue/server-renderer@3.2.20":
    "integrity" "sha1-cF4HrpQlEysrYifTCKUaE/TU7IE="
    "resolved" "https://registry.npmmirror.com/@vue/server-renderer/download/@vue/server-renderer-3.2.20.tgz"
    "version" "3.2.20"
    dependencies:
      "@vue/compiler-ssr" "3.2.20"
      "@vue/shared" "3.2.20"
  
  "@vue/shared@3.2.20":
    "integrity" "sha1-U3RpYfcxqOpmbjMWJx6UQjjcMds="
    "resolved" "https://registry.npmmirror.com/@vue/shared/download/@vue/shared-3.2.20.tgz"
    "version" "3.2.20"
  
  "ansi-regex@^5.0.1":
    "integrity" "sha512-quJQXlTSUGL2LH9SUXo8VwsY4soanhgo6LNSm84E1LBcE8s3O0wpdiRzyR9z/ZZJMlMWv37qOOb9pdJlMUEKFQ=="
    "resolved" "https://registry.npmjs.org/ansi-regex/-/ansi-regex-5.0.1.tgz"
    "version" "5.0.1"
  
  "ansi-styles@^3.2.1":
    "integrity" "sha512-VT0ZI6kZRdTh8YyJw3SMbYm/u+NqfsAxEpWO0Pf9sq8/e94WxxOpPKx9FR1FlyCtOVDNOQ+8ntlqFxiRc+r5qA=="
    "resolved" "https://registry.npmjs.org/ansi-styles/-/ansi-styles-3.2.1.tgz"
    "version" "3.2.1"
    dependencies:
      "color-convert" "^1.9.0"
  
  "ansi-styles@^4.1.0":
    "integrity" "sha512-zbB9rCJAT1rbjiVDb2hqKFHNYLxgtk8NURxZ3IZwD3F6NtxbXZQCnnSi1Lkx+IDohdPlFp222wVALIheZJQSEg=="
    "resolved" "https://registry.npmjs.org/ansi-styles/-/ansi-styles-4.3.0.tgz"
    "version" "4.3.0"
    dependencies:
      "color-convert" "^2.0.1"
  
  "axios@^0.23.0":
    "integrity" "sha1-sPpdCUio0ddePVY1I4tsRiWwUUk="
    "resolved" "https://registry.npmmirror.com/axios/download/axios-0.23.0.tgz?cache=0&sync_timestamp=1634053102507&other_urls=https%3A%2F%2Fregistry.npmmirror.com%2Faxios%2Fdownload%2Faxios-0.23.0.tgz"
    "version" "0.23.0"
    dependencies:
      "follow-redirects" "^1.14.4"
  
  "base64-js@^1.3.1":
    "integrity" "sha512-AKpaYlHn8t4SVbOHCy+b5+KKgvR4vrsD8vbvrbiQJps7fKDTkjkDry6ji0rUJjC0kzbNePLwzxq8iypo41qeWA=="
    "resolved" "https://registry.npmjs.org/base64-js/-/base64-js-1.5.1.tgz"
    "version" "1.5.1"
  
  "bl@^4.1.0":
    "integrity" "sha512-1W07cM9gS6DcLperZfFSj+bWLtaPGSOHWhPiGzXmvVJbRLdG82sH/Kn8EtW1VqWVA54AKf2h5k5BbnIbwF3h6w=="
    "resolved" "https://registry.npmjs.org/bl/-/bl-4.1.0.tgz"
    "version" "4.1.0"
    dependencies:
      "buffer" "^5.5.0"
      "inherits" "^2.0.4"
      "readable-stream" "^3.4.0"
  
  "buffer@^5.5.0":
    "integrity" "sha512-EHcyIPBQ4BSGlvjB16k5KgAJ27CIsHY/2JBmCRReo48y9rQ3MaUzWX3KVlBa4U7MyX02HdVj0K7C3WaB3ju7FQ=="
    "resolved" "https://registry.npmjs.org/buffer/-/buffer-5.7.1.tgz"
    "version" "5.7.1"
    dependencies:
      "base64-js" "^1.3.1"
      "ieee754" "^1.1.13"
  
  "chalk@^2.0.0":
    "integrity" "sha512-Mti+f9lpJNcwF4tWV8/OrTTtF1gZi+f8FqlyAdouralcFWFQWF2+NgCHShjkCb+IFBLq9buZwE1xckQU4peSuQ=="
    "resolved" "https://registry.npmjs.org/chalk/-/chalk-2.4.2.tgz"
    "version" "2.4.2"
    dependencies:
      "ansi-styles" "^3.2.1"
      "escape-string-regexp" "^1.0.5"
      "supports-color" "^5.3.0"
  
  "chalk@^2.3.0":
    "integrity" "sha512-Mti+f9lpJNcwF4tWV8/OrTTtF1gZi+f8FqlyAdouralcFWFQWF2+NgCHShjkCb+IFBLq9buZwE1xckQU4peSuQ=="
    "resolved" "https://registry.npmjs.org/chalk/-/chalk-2.4.2.tgz"
    "version" "2.4.2"
    dependencies:
      "ansi-styles" "^3.2.1"
      "escape-string-regexp" "^1.0.5"
      "supports-color" "^5.3.0"
  
  "chalk@^4.1.0", "chalk@^4.1.2":
    "integrity" "sha512-oKnbhFyRIXpUuez8iBMmyEa4nbj4IOQyuhc/wy9kY7/WVPcwIO9VA668Pu8RkO7+0G76SLROeyw9CpQ061i4mA=="
    "resolved" "https://registry.npmjs.org/chalk/-/chalk-4.1.2.tgz"
    "version" "4.1.2"
    dependencies:
      "ansi-styles" "^4.1.0"
      "supports-color" "^7.1.0"
  
  "cli-cursor@^3.1.0":
    "integrity" "sha512-I/zHAwsKf9FqGoXM4WWRACob9+SNukZTd94DWF57E4toouRulbCxcUh6RKUEOQlYTHJnzkPMySvPNaaSLNfLZw=="
    "resolved" "https://registry.npmjs.org/cli-cursor/-/cli-cursor-3.1.0.tgz"
    "version" "3.1.0"
    dependencies:
      "restore-cursor" "^3.1.0"
  
  "cli-spinners@^2.5.0":
    "integrity" "sha512-x/5fWmGMnbKQAaNwN+UZlV79qBLM9JFnJuJ03gIi5whrob0xV0ofNVHy9DhwGdsMJQc2OKv0oGmLzvaqvAVv+g=="
    "resolved" "https://registry.npmjs.org/cli-spinners/-/cli-spinners-2.6.1.tgz"
    "version" "2.6.1"
  
  "clone@^1.0.2":
    "integrity" "sha1-2jCcwmPfFZlMaIypAheco8fNfH4="
    "resolved" "https://registry.npmjs.org/clone/-/clone-1.0.4.tgz"
    "version" "1.0.4"
  
  "color-convert@^1.9.0":
    "integrity" "sha512-QfAUtd+vFdAtFQcC8CCyYt1fYWxSqAiK2cSD6zDB8N3cpsEBAvRxp9zOGg6G/SHHJYAT88/az/IuDGALsNVbGg=="
    "resolved" "https://registry.npmjs.org/color-convert/-/color-convert-1.9.3.tgz"
    "version" "1.9.3"
    dependencies:
      "color-name" "1.1.3"
  
  "color-convert@^2.0.1":
    "integrity" "sha512-RRECPsj7iu/xb5oKYcsFHSppFNnsj/52OVTRKb4zP5onXwVF3zVmmToNcOfGC+CRDpfK/U584fMg38ZHCaElKQ=="
    "resolved" "https://registry.npmjs.org/color-convert/-/color-convert-2.0.1.tgz"
    "version" "2.0.1"
    dependencies:
      "color-name" "~1.1.4"
  
  "color-name@~1.1.4":
    "integrity" "sha512-dOy+3AuW3a2wNbZHIuMZpTcgjGuLU/uBL/ubcZF9OXbDo8ff4O8yVp5Bf0efS8uEoYo5q4Fx7dY9OgQGXgAsQA=="
    "resolved" "https://registry.npmjs.org/color-name/-/color-name-1.1.4.tgz"
    "version" "1.1.4"
  
  "color-name@1.1.3":
    "integrity" "sha1-p9BVi9icQveV3UIyj3QIMcpTvCU="
    "resolved" "https://registry.npmjs.org/color-name/-/color-name-1.1.3.tgz"
    "version" "1.1.3"
  
  "cross-spawn@^6.0.0":
    "integrity" "sha512-eTVLrBSt7fjbDygz805pMnstIs2VTBNkRm0qxZd+M7A5XDdxVRWO5MxGBXZhjY4cqLYLdtrGqRf8mBPmzwSpWQ=="
    "resolved" "https://registry.npmjs.org/cross-spawn/-/cross-spawn-6.0.5.tgz"
    "version" "6.0.5"
    dependencies:
      "nice-try" "^1.0.4"
      "path-key" "^2.0.1"
      "semver" "^5.5.0"
      "shebang-command" "^1.2.0"
      "which" "^1.2.9"
  
  "csstype@^2.6.8":
    "integrity" "sha1-mAqLUwhfNK8xNBCvBk8r0kF4Qhg="
    "resolved" "https://registry.nlark.com/csstype/download/csstype-2.6.18.tgz?cache=0&sync_timestamp=1631541070949&other_urls=https%3A%2F%2Fregistry.nlark.com%2Fcsstype%2Fdownload%2Fcsstype-2.6.18.tgz"
    "version" "2.6.18"
  
  "defaults@^1.0.3":
    "integrity" "sha1-xlYFHpgX2f8I7YgUd/P+QBnz730="
    "resolved" "https://registry.npmjs.org/defaults/-/defaults-1.0.3.tgz"
    "version" "1.0.3"
    dependencies:
      "clone" "^1.0.2"
  
  "define-lazy-prop@^2.0.0":
    "integrity" "sha512-Ds09qNh8yw3khSjiJjiUInaGX9xlqZDY7JVryGxdxV7NPeuqQfplOpQ66yJFZut3jLa5zOwkXw1g9EI2uKh4Og=="
    "resolved" "https://registry.npmjs.org/define-lazy-prop/-/define-lazy-prop-2.0.0.tgz"
    "version" "2.0.0"
  
  "easy-stack@^1.0.1":
    "integrity" "sha512-wK2sCs4feiiJeFXn3zvY0p41mdU5VUgbgs1rNsc/y5ngFUijdWd+iIN8eoyuZHKB8xN6BL4PdWmzqFmxNg6V2w=="
    "resolved" "https://registry.npmjs.org/easy-stack/-/easy-stack-1.0.1.tgz"
    "version" "1.0.1"
  
  "end-of-stream@^1.1.0":
    "integrity" "sha512-+uw1inIHVPQoaVuHzRyXd21icM+cnt4CzD5rW+NC1wjOUSTOs+Te7FOv7AhN7vS9x/oIyhLP5PR1H+phQAHu5Q=="
    "resolved" "https://registry.npmjs.org/end-of-stream/-/end-of-stream-1.4.4.tgz"
    "version" "1.4.4"
    dependencies:
      "once" "^1.4.0"
  
  "error-ex@^1.3.1":
    "integrity" "sha512-7dFHNmqeFSEt2ZBsCriorKnn3Z2pj+fd9kmI6QoWw4//DL+icEBfc0U7qJCisqrTsKTjw4fNFy2pW9OqStD84g=="
    "resolved" "https://registry.npmjs.org/error-ex/-/error-ex-1.3.2.tgz"
    "version" "1.3.2"
    dependencies:
      "is-arrayish" "^0.2.1"
  
  "esbuild-windows-64@0.13.8":
    "integrity" "sha1-fe/Y15rju35vU7ZacZC+fa+QFoY="
    "resolved" "https://registry.npmmirror.com/esbuild-windows-64/download/esbuild-windows-64-0.13.8.tgz"
    "version" "0.13.8"
  
  "esbuild@^0.13.2":
    "integrity" "sha1-vXzFG4gasGd4n4jhe6ynRyTB7E8="
    "resolved" "https://registry.npmmirror.com/esbuild/download/esbuild-0.13.8.tgz"
    "version" "0.13.8"
    optionalDependencies:
      "esbuild-android-arm64" "0.13.8"
      "esbuild-darwin-64" "0.13.8"
      "esbuild-darwin-arm64" "0.13.8"
      "esbuild-freebsd-64" "0.13.8"
      "esbuild-freebsd-arm64" "0.13.8"
      "esbuild-linux-32" "0.13.8"
      "esbuild-linux-64" "0.13.8"
      "esbuild-linux-arm" "0.13.8"
      "esbuild-linux-arm64" "0.13.8"
      "esbuild-linux-mips64le" "0.13.8"
      "esbuild-linux-ppc64le" "0.13.8"
      "esbuild-netbsd-64" "0.13.8"
      "esbuild-openbsd-64" "0.13.8"
      "esbuild-sunos-64" "0.13.8"
      "esbuild-windows-32" "0.13.8"
      "esbuild-windows-64" "0.13.8"
      "esbuild-windows-arm64" "0.13.8"
  
  "escape-string-regexp@^1.0.5":
    "integrity" "sha1-G2HAViGQqN/2rjuyzwIAyhMLhtQ="
    "resolved" "https://registry.npmjs.org/escape-string-regexp/-/escape-string-regexp-1.0.5.tgz"
    "version" "1.0.5"
  
  "estree-walker@^2.0.2":
    "integrity" "sha1-UvAQF4wqTBF6d1fP6UKtt9LaTKw="
    "resolved" "https://registry.nlark.com/estree-walker/download/estree-walker-2.0.2.tgz?cache=0&sync_timestamp=1618846710624&other_urls=https%3A%2F%2Fregistry.nlark.com%2Festree-walker%2Fdownload%2Festree-walker-2.0.2.tgz"
    "version" "2.0.2"
  
  "event-pubsub@4.3.0":
    "integrity" "sha512-z7IyloorXvKbFx9Bpie2+vMJKKx1fH1EN5yiTfp8CiLOTptSYy1g8H4yDpGlEdshL1PBiFtBHepF2cNsqeEeFQ=="
    "resolved" "https://registry.npmjs.org/event-pubsub/-/event-pubsub-4.3.0.tgz"
    "version" "4.3.0"
  
  "execa@^1.0.0":
    "integrity" "sha512-adbxcyWV46qiHyvSp50TKt05tB4tK3HcmF7/nxfAdhnox83seTDbwnaqKO4sXRy7roHAIFqJP/Rw/AuEbX61LA=="
    "resolved" "https://registry.npmjs.org/execa/-/execa-1.0.0.tgz"
    "version" "1.0.0"
    dependencies:
      "cross-spawn" "^6.0.0"
      "get-stream" "^4.0.0"
      "is-stream" "^1.1.0"
      "npm-run-path" "^2.0.0"
      "p-finally" "^1.0.0"
      "signal-exit" "^3.0.0"
      "strip-eof" "^1.0.0"
  
  "follow-redirects@^1.14.4":
    "integrity" "sha1-g4/fSKi73XnlLuUfsclOPtmLk3k="
    "resolved" "https://registry.nlark.com/follow-redirects/download/follow-redirects-1.14.4.tgz?cache=0&sync_timestamp=1631622163078&other_urls=https%3A%2F%2Fregistry.nlark.com%2Ffollow-redirects%2Fdownload%2Ffollow-redirects-1.14.4.tgz"
    "version" "1.14.4"
  
  "function-bind@^1.1.1":
    "integrity" "sha1-pWiZ0+o8m6uHS7l3O3xe3pL0iV0="
    "resolved" "https://registry.nlark.com/function-bind/download/function-bind-1.1.1.tgz"
    "version" "1.1.1"
  
  "get-stream@^4.0.0":
    "integrity" "sha512-GMat4EJ5161kIy2HevLlr4luNjBgvmj413KaQA7jt4V8B4RDsfpHk7WQ9GVqfYyyx8OS/L66Kox+rJRNklLK7w=="
    "resolved" "https://registry.npmjs.org/get-stream/-/get-stream-4.1.0.tgz"
    "version" "4.1.0"
    dependencies:
      "pump" "^3.0.0"
  
  "has-flag@^3.0.0":
    "integrity" "sha1-tdRU3CGZriJWmfNGfloH87lVuv0="
    "resolved" "https://registry.npmjs.org/has-flag/-/has-flag-3.0.0.tgz"
    "version" "3.0.0"
  
  "has-flag@^4.0.0":
    "integrity" "sha512-EykJT/Q1KjTWctppgIAgfSO0tKVuZUjhgMr17kqTumMl6Afv3EISleU7qZUzoXDFTAHTDC4NOoG/ZxU3EvlMPQ=="
    "resolved" "https://registry.npmjs.org/has-flag/-/has-flag-4.0.0.tgz"
    "version" "4.0.0"
  
  "has@^1.0.3":
    "integrity" "sha1-ci18v8H2qoJB8W3YFOAR4fQeh5Y="
    "resolved" "https://registry.nlark.com/has/download/has-1.0.3.tgz"
    "version" "1.0.3"
    dependencies:
      "function-bind" "^1.1.1"
  
  "hosted-git-info@^2.1.4":
    "integrity" "sha512-mxIDAb9Lsm6DoOJ7xH+5+X4y1LU/4Hi50L9C5sIswK3JzULS4bwk1FvjdBgvYR4bzT4tuUQiC15FE2f5HbLvYw=="
    "resolved" "https://registry.npmjs.org/hosted-git-info/-/hosted-git-info-2.8.9.tgz"
    "version" "2.8.9"
  
  "ieee754@^1.1.13":
    "integrity" "sha512-dcyqhDvX1C46lXZcVqCpK+FtMRQVdIMN6/Df5js2zouUsqG7I6sFxitIC+7KYK29KdXOLHdu9zL4sFnoVQnqaA=="
    "resolved" "https://registry.npmjs.org/ieee754/-/ieee754-1.2.1.tgz"
    "version" "1.2.1"
  
  "inherits@^2.0.3", "inherits@^2.0.4":
    "integrity" "sha512-k/vGaX4/Yla3WzyMCvTQOXYeIHvqOKtnqBduzTHpzpQZzAskKMhZ2K+EnBiSM9zGSoIFeMpXKxa4dYeZIQqewQ=="
    "resolved" "https://registry.npmjs.org/inherits/-/inherits-2.0.4.tgz"
    "version" "2.0.4"
  
  "is-arrayish@^0.2.1":
    "integrity" "sha1-d8mYQFJ6qOyxqLppe4BkWnqSap0="
    "resolved" "https://registry.npmjs.org/is-arrayish/-/is-arrayish-0.2.1.tgz"
    "version" "0.2.1"
  
  "is-core-module@^2.2.0":
    "integrity" "sha1-AyEzbD0JJeSX/Zf12VyxFKXM1Ug="
    "resolved" "https://registry.npmmirror.com/is-core-module/download/is-core-module-2.8.0.tgz?cache=0&sync_timestamp=1634236539354&other_urls=https%3A%2F%2Fregistry.npmmirror.com%2Fis-core-module%2Fdownload%2Fis-core-module-2.8.0.tgz"
    "version" "2.8.0"
    dependencies:
      "has" "^1.0.3"
  
  "is-docker@^2.0.0", "is-docker@^2.1.1":
    "integrity" "sha512-F+i2BKsFrH66iaUFc0woD8sLy8getkwTwtOBjvs56Cx4CgJDeKQeqfz8wAYiSb8JOprWhHH5p77PbmYCvvUuXQ=="
    "resolved" "https://registry.npmjs.org/is-docker/-/is-docker-2.2.1.tgz"
    "version" "2.2.1"
  
  "is-interactive@^1.0.0":
    "integrity" "sha512-2HvIEKRoqS62guEC+qBjpvRubdX910WCMuJTZ+I9yvqKU2/12eSL549HMwtabb4oupdj2sMP50k+XJfB/8JE6w=="
    "resolved" "https://registry.npmjs.org/is-interactive/-/is-interactive-1.0.0.tgz"
    "version" "1.0.0"
  
  "is-stream@^1.1.0":
    "integrity" "sha1-EtSj3U5o4Lec6428hBc66A2RykQ="
    "resolved" "https://registry.npmjs.org/is-stream/-/is-stream-1.1.0.tgz"
    "version" "1.1.0"
  
  "is-unicode-supported@^0.1.0":
    "integrity" "sha512-knxG2q4UC3u8stRGyAVJCOdxFmv5DZiRcdlIaAQXAbSfJya+OhopNotLQrstBhququ4ZpuKbDc/8S6mgXgPFPw=="
    "resolved" "https://registry.npmjs.org/is-unicode-supported/-/is-unicode-supported-0.1.0.tgz"
    "version" "0.1.0"
  
  "is-wsl@^2.2.0":
    "integrity" "sha512-fKzAra0rGJUUBwGBgNkHZuToZcn+TtXHpeCgmkMJMMYx1sQDYaCSyjJBSCa2nH1DGm7s3n1oBnohoVTBaN7Lww=="
    "resolved" "https://registry.npmjs.org/is-wsl/-/is-wsl-2.2.0.tgz"
    "version" "2.2.0"
    dependencies:
      "is-docker" "^2.0.0"
  
  "isexe@^2.0.0":
    "integrity" "sha1-6PvzdNxVb/iUehDcsFctYz8s+hA="
    "resolved" "https://registry.npmjs.org/isexe/-/isexe-2.0.0.tgz"
    "version" "2.0.0"
  
  "joi@^17.4.0":
    "integrity" "sha512-Lm56PP+n0+Z2A2rfRvsfWVDXGEWjXxatPopkQ8qQ5mxCEhwHG+Ettgg5o98FFaxilOxozoa14cFhrE/hOzh/Nw=="
    "resolved" "https://registry.npmjs.org/joi/-/joi-17.4.2.tgz"
    "version" "17.4.2"
    dependencies:
      "@hapi/hoek" "^9.0.0"
      "@hapi/topo" "^5.0.0"
      "@sideway/address" "^4.1.0"
      "@sideway/formula" "^3.0.0"
      "@sideway/pinpoint" "^2.0.0"
  
  "js-message@1.0.7":
    "integrity" "sha512-efJLHhLjIyKRewNS9EGZ4UpI8NguuL6fKkhRxVuMmrGV2xN/0APGdQYwLFky5w9naebSZ0OwAGp0G6/2Cg90rA=="
    "resolved" "https://registry.npmjs.org/js-message/-/js-message-1.0.7.tgz"
    "version" "1.0.7"
  
  "js-queue@2.0.2":
    "integrity" "sha512-pbKLsbCfi7kriM3s1J4DDCo7jQkI58zPLHi0heXPzPlj0hjUsm+FesPUbE0DSbIVIK503A36aUBoCN7eMFedkA=="
    "resolved" "https://registry.npmjs.org/js-queue/-/js-queue-2.0.2.tgz"
    "version" "2.0.2"
    dependencies:
      "easy-stack" "^1.0.1"
  
  "js-tokens@^4.0.0":
    "integrity" "sha512-RdJUflcE3cUzKiMqQgsCu06FPu9UdIJO0beYbPhHN4k6apgJtifcoCtT9bcxOpYBtpD2kCM6Sbzg4CausW/PKQ=="
    "resolved" "https://registry.npmjs.org/js-tokens/-/js-tokens-4.0.0.tgz"
    "version" "4.0.0"
  
  "json-parse-even-better-errors@^2.3.0":
    "integrity" "sha512-xyFwyhro/JEof6Ghe2iz2NcXoj2sloNsWr/XsERDK/oiPCfaNhl5ONfp+jQdAZRQQ0IJWNzH9zIZF7li91kh2w=="
    "resolved" "https://registry.npmjs.org/json-parse-even-better-errors/-/json-parse-even-better-errors-2.3.1.tgz"
    "version" "2.3.1"
  
  "launch-editor@^2.2.1":
    "integrity" "sha512-On+V7K2uZK6wK7x691ycSUbLD/FyKKelArkbaAMSSJU8JmqmhwN2+mnJDNINuJWSrh2L0kDk+ZQtbC/gOWUwLw=="
    "resolved" "https://registry.npmjs.org/launch-editor/-/launch-editor-2.2.1.tgz"
    "version" "2.2.1"
    dependencies:
      "chalk" "^2.3.0"
      "shell-quote" "^1.6.1"
  
  "lines-and-columns@^1.1.6":
    "integrity" "sha1-HADHQ7QzzQpOgHWPe2SldEDZ/wA="
    "resolved" "https://registry.npmjs.org/lines-and-columns/-/lines-and-columns-1.1.6.tgz"
    "version" "1.1.6"
  
  "log-symbols@^4.1.0":
    "integrity" "sha512-8XPvpAA8uyhfteu8pIvQxpJZ7SYYdpUivZpGy6sFsBuKRY/7rQGavedeB8aK+Zkyq6upMFVL/9AW6vOYzfRyLg=="
    "resolved" "https://registry.npmjs.org/log-symbols/-/log-symbols-4.1.0.tgz"
    "version" "4.1.0"
    dependencies:
      "chalk" "^4.1.0"
      "is-unicode-supported" "^0.1.0"
  
  "lru-cache@^6.0.0":
    "integrity" "sha512-Jo6dJ04CmSjuznwJSS3pUeWmd/H0ffTlkXXgwZi+eq1UCmqQwCh+eLsYOYCwY991i2Fah4h1BEMCx4qThGbsiA=="
    "resolved" "https://registry.npmjs.org/lru-cache/-/lru-cache-6.0.0.tgz"
    "version" "6.0.0"
    dependencies:
      "yallist" "^4.0.0"
  
  "magic-string@^0.25.7":
    "integrity" "sha1-P0l9b9NMZpxnmNy4IfLvMfVEUFE="
    "resolved" "https://registry.nlark.com/magic-string/download/magic-string-0.25.7.tgz"
    "version" "0.25.7"
    dependencies:
      "sourcemap-codec" "^1.4.4"
  
  "mimic-fn@^2.1.0":
    "integrity" "sha512-OqbOk5oEQeAZ8WXWydlu9HJjz9WVdEIvamMCcXmuqUYjTknH/sqsWvhQ3vgwKFRR1HpjvNBKQ37nbJgYzGqGcg=="
    "resolved" "https://registry.npmjs.org/mimic-fn/-/mimic-fn-2.1.0.tgz"
    "version" "2.1.0"
  
  "nanoid@^3.1.28":
    "integrity" "sha1-Y/k8xUjSoRPcXfvGO/oJ4rm2Q2I="
    "resolved" "https://registry.npmmirror.com/nanoid/download/nanoid-3.1.30.tgz?cache=0&other_urls=https%3A%2F%2Fregistry.npmmirror.com%2Fnanoid%2Fdownload%2Fnanoid-3.1.30.tgz"
    "version" "3.1.30"
  
  "nice-try@^1.0.4":
    "integrity" "sha512-1nh45deeb5olNY7eX82BkPO7SSxR5SSYJiPTrTdFUVYwAl8CKMA5N9PjTYkHiRjisVcxcQ1HXdLhx2qxxJzLNQ=="
    "resolved" "https://registry.npmjs.org/nice-try/-/nice-try-1.0.5.tgz"
    "version" "1.0.5"
  
  "node-fetch@^2.6.1":
    "integrity" "sha512-mmlIVHJEu5rnIxgEgez6b9GgWXbkZj5YZ7fx+2r94a2E+Uirsp6HsPTPlomfdHtpt/B0cdKviwkoaM6pyvUOpQ=="
    "resolved" "https://registry.npmjs.org/node-fetch/-/node-fetch-2.6.5.tgz"
    "version" "2.6.5"
    dependencies:
      "whatwg-url" "^5.0.0"
  
  "node-ipc@^9.1.1":
    "integrity" "sha512-mJzaM6O3xHf9VT8BULvJSbdVbmHUKRNOH7zDDkCrA1/T+CVjq2WVIDfLt0azZRXpgArJtl3rtmEozrbXPZ9GaQ=="
    "resolved" "https://registry.npmjs.org/node-ipc/-/node-ipc-9.2.1.tgz"
    "version" "9.2.1"
    dependencies:
      "event-pubsub" "4.3.0"
      "js-message" "1.0.7"
      "js-queue" "2.0.2"
  
  "normalize-package-data@^2.5.0":
    "integrity" "sha512-/5CMN3T0R4XTj4DcGaexo+roZSdSFW/0AOOTROrjxzCG1wrWXEsGbRKevjlIL+ZDE4sZlJr5ED4YW0yqmkK+eA=="
    "resolved" "https://registry.npmjs.org/normalize-package-data/-/normalize-package-data-2.5.0.tgz"
    "version" "2.5.0"
    dependencies:
      "hosted-git-info" "^2.1.4"
      "resolve" "^1.10.0"
      "semver" "2 || 3 || 4 || 5"
      "validate-npm-package-license" "^3.0.1"
  
  "npm-run-path@^2.0.0":
    "integrity" "sha1-NakjLfo11wZ7TLLd8jV7GHFTbF8="
    "resolved" "https://registry.npmjs.org/npm-run-path/-/npm-run-path-2.0.2.tgz"
    "version" "2.0.2"
    dependencies:
      "path-key" "^2.0.0"
  
  "once@^1.3.1", "once@^1.4.0":
    "integrity" "sha1-WDsap3WWHUsROsF9nFC6753Xa9E="
    "resolved" "https://registry.npmjs.org/once/-/once-1.4.0.tgz"
    "version" "1.4.0"
    dependencies:
      "wrappy" "1"
  
  "onetime@^5.1.0":
    "integrity" "sha512-kbpaSSGJTWdAY5KPVeMOKXSrPtr8C8C7wodJbcsd51jRnmD+GZu8Y0VoU6Dm5Z4vWr0Ig/1NKuWRKf7j5aaYSg=="
    "resolved" "https://registry.npmjs.org/onetime/-/onetime-5.1.2.tgz"
    "version" "5.1.2"
    dependencies:
      "mimic-fn" "^2.1.0"
  
  "open@^8.0.2":
    "integrity" "sha512-7INcPWb1UcOwSQxAXTnBJ+FxVV4MPs/X++FWWBtgY69/J5lc+tCteMt/oFK1MnkyHC4VILLa9ntmwKTwDR4Q9w=="
    "resolved" "https://registry.npmjs.org/open/-/open-8.3.0.tgz"
    "version" "8.3.0"
    dependencies:
      "define-lazy-prop" "^2.0.0"
      "is-docker" "^2.1.1"
      "is-wsl" "^2.2.0"
  
  "ora@^5.3.0":
    "integrity" "sha512-5b6Y85tPxZZ7QytO+BQzysW31HJku27cRIlkbAXaNx+BdcVi+LlRFmVXzeF6a7JCwJpyw5c4b+YSVImQIrBpuQ=="
    "resolved" "https://registry.npmjs.org/ora/-/ora-5.4.1.tgz"
    "version" "5.4.1"
    dependencies:
      "bl" "^4.1.0"
      "chalk" "^4.1.0"
      "cli-cursor" "^3.1.0"
      "cli-spinners" "^2.5.0"
      "is-interactive" "^1.0.0"
      "is-unicode-supported" "^0.1.0"
      "log-symbols" "^4.1.0"
      "strip-ansi" "^6.0.0"
      "wcwidth" "^1.0.1"
  
  "p-finally@^1.0.0":
    "integrity" "sha1-P7z7FbiZpEEjs0ttzBi3JDNqLK4="
    "resolved" "https://registry.npmjs.org/p-finally/-/p-finally-1.0.0.tgz"
    "version" "1.0.0"
  
  "parse-json@^5.0.0":
    "integrity" "sha512-ayCKvm/phCGxOkYRSCM82iDwct8/EonSEgCSxWxD7ve6jHggsFl4fZVQBPRNgQoKiuV/odhFrGzQXZwbifC8Rg=="
    "resolved" "https://registry.npmjs.org/parse-json/-/parse-json-5.2.0.tgz"
    "version" "5.2.0"
    dependencies:
      "@babel/code-frame" "^7.0.0"
      "error-ex" "^1.3.1"
      "json-parse-even-better-errors" "^2.3.0"
      "lines-and-columns" "^1.1.6"
  
  "path-key@^2.0.0", "path-key@^2.0.1":
    "integrity" "sha1-QRyttXTFoUDTpLGRDUDYDMn0C0A="
    "resolved" "https://registry.npmjs.org/path-key/-/path-key-2.0.1.tgz"
    "version" "2.0.1"
  
  "path-parse@^1.0.6":
    "integrity" "sha1-+8EUtgykKzDZ2vWFjkvWi77bZzU="
    "resolved" "https://registry.nlark.com/path-parse/download/path-parse-1.0.7.tgz?cache=0&sync_timestamp=1621947812221&other_urls=https%3A%2F%2Fregistry.nlark.com%2Fpath-parse%2Fdownload%2Fpath-parse-1.0.7.tgz"
    "version" "1.0.7"
  
  "picocolors@^0.2.1":
    "integrity" "sha1-VwZw95NkaFHRuhNZlpYqutWHhZ8="
    "resolved" "https://registry.npmmirror.com/picocolors/download/picocolors-0.2.1.tgz?cache=0&sync_timestamp=1634093339035&other_urls=https%3A%2F%2Fregistry.npmmirror.com%2Fpicocolors%2Fdownload%2Fpicocolors-0.2.1.tgz"
    "version" "0.2.1"
  
  "postcss@^8.1.10", "postcss@^8.3.8":
    "integrity" "sha1-mHVMqgbE7p61nMSL0HO7a9NDfDE="
    "resolved" "https://registry.npmmirror.com/postcss/download/postcss-8.3.9.tgz"
    "version" "8.3.9"
    dependencies:
      "nanoid" "^3.1.28"
      "picocolors" "^0.2.1"
      "source-map-js" "^0.6.2"
  
  "pump@^3.0.0":
    "integrity" "sha512-LwZy+p3SFs1Pytd/jYct4wpv49HiYCqd9Rlc5ZVdk0V+8Yzv6jR5Blk3TRmPL1ft69TxP0IMZGJ+WPFU2BFhww=="
    "resolved" "https://registry.npmjs.org/pump/-/pump-3.0.0.tgz"
    "version" "3.0.0"
    dependencies:
      "end-of-stream" "^1.1.0"
      "once" "^1.3.1"
  
  "read-pkg@^5.1.1":
    "integrity" "sha512-Ug69mNOpfvKDAc2Q8DRpMjjzdtrnv9HcSMX+4VsZxD1aZ6ZzrIE7rlzXBtWTyhULSMKg076AW6WR5iZpD0JiOg=="
    "resolved" "https://registry.npmjs.org/read-pkg/-/read-pkg-5.2.0.tgz"
    "version" "5.2.0"
    dependencies:
      "@types/normalize-package-data" "^2.4.0"
      "normalize-package-data" "^2.5.0"
      "parse-json" "^5.0.0"
      "type-fest" "^0.6.0"
  
  "readable-stream@^3.4.0":
    "integrity" "sha512-BViHy7LKeTz4oNnkcLJ+lVSL6vpiFeX6/d3oSH8zCW7UxP2onchk+vTGB143xuFjHS3deTgkKoXXymXqymiIdA=="
    "resolved" "https://registry.npmjs.org/readable-stream/-/readable-stream-3.6.0.tgz"
    "version" "3.6.0"
    dependencies:
      "inherits" "^2.0.3"
      "string_decoder" "^1.1.1"
      "util-deprecate" "^1.0.1"
  
  "resolve@^1.10.0", "resolve@^1.20.0":
    "integrity" "sha1-YpoBP7P3B1XW8LeTXMHCxTeLGXU="
    "resolved" "https://registry.nlark.com/resolve/download/resolve-1.20.0.tgz"
    "version" "1.20.0"
    dependencies:
      "is-core-module" "^2.2.0"
      "path-parse" "^1.0.6"
  
  "restore-cursor@^3.1.0":
    "integrity" "sha512-l+sSefzHpj5qimhFSE5a8nufZYAM3sBSVMAPtYkmC+4EH2anSGaEMXSD0izRQbu9nfyQ9y5JrVmp7E8oZrUjvA=="
    "resolved" "https://registry.npmjs.org/restore-cursor/-/restore-cursor-3.1.0.tgz"
    "version" "3.1.0"
    dependencies:
      "onetime" "^5.1.0"
      "signal-exit" "^3.0.2"
  
  "rollup@^2.57.0":
    "integrity" "sha1-pkOYM2Xnv39bfGKoMxuYO3xMZ/s="
    "resolved" "https://registry.npmmirror.com/rollup/download/rollup-2.58.0.tgz?cache=0&sync_timestamp=1633071658686&other_urls=https%3A%2F%2Fregistry.npmmirror.com%2Frollup%2Fdownload%2Frollup-2.58.0.tgz"
    "version" "2.58.0"
    optionalDependencies:
      "fsevents" "~2.3.2"
  
  "safe-buffer@~5.2.0":
    "integrity" "sha512-rp3So07KcdmmKbGvgaNxQSJr7bGVSVk5S9Eq1F+ppbRo70+YeaDxkw5Dd8NPN+GD6bjnYm2VuPuCXmpuYvmCXQ=="
    "resolved" "https://registry.npmjs.org/safe-buffer/-/safe-buffer-5.2.1.tgz"
    "version" "5.2.1"
  
  "semver@^5.5.0", "semver@2 || 3 || 4 || 5":
    "integrity" "sha512-sauaDf/PZdVgrLTNYHRtpXa1iRiKcaebiKQ1BJdpQlWH2lCvexQdX55snPFyK7QzpudqbCI0qXFfOasHdyNDGQ=="
    "resolved" "https://registry.npmjs.org/semver/-/semver-5.7.1.tgz"
    "version" "5.7.1"
  
  "semver@^7.3.4":
    "integrity" "sha512-PoeGJYh8HK4BTO/a9Tf6ZG3veo/A7ZVsYrSA6J8ny9nb3B1VrpkuN+z9OE5wfE5p6H4LchYZsegiQgbJD94ZFQ=="
    "resolved" "https://registry.npmjs.org/semver/-/semver-7.3.5.tgz"
    "version" "7.3.5"
    dependencies:
      "lru-cache" "^6.0.0"
  
  "shebang-command@^1.2.0":
    "integrity" "sha1-RKrGW2lbAzmJaMOfNj/uXer98eo="
    "resolved" "https://registry.npmjs.org/shebang-command/-/shebang-command-1.2.0.tgz"
    "version" "1.2.0"
    dependencies:
      "shebang-regex" "^1.0.0"
  
  "shebang-regex@^1.0.0":
    "integrity" "sha1-2kL0l0DAtC2yypcoVxyxkMmO/qM="
    "resolved" "https://registry.npmjs.org/shebang-regex/-/shebang-regex-1.0.0.tgz"
    "version" "1.0.0"
  
  "shell-quote@^1.6.1":
    "integrity" "sha512-mRz/m/JVscCrkMyPqHc/bczi3OQHkLTqXHEFu0zDhK/qfv3UcOA4SVmRCLmos4bhjr9ekVQubj/R7waKapmiQg=="
    "resolved" "https://registry.npmjs.org/shell-quote/-/shell-quote-1.7.2.tgz"
    "version" "1.7.2"
  
  "signal-exit@^3.0.0", "signal-exit@^3.0.2":
    "integrity" "sha512-KWcOiKeQj6ZyXx7zq4YxSMgHRlod4czeBQZrPb8OKcohcqAXShm7E20kEMle9WBt26hFcAf0qLOcp5zmY7kOqQ=="
    "resolved" "https://registry.npmjs.org/signal-exit/-/signal-exit-3.0.5.tgz"
    "version" "3.0.5"
  
  "source-map-js@^0.6.2":
    "integrity" "sha1-C7XeYxtBz72mz7qL0FqA79/SOF4="
    "resolved" "https://registry.npm.taobao.org/source-map-js/download/source-map-js-0.6.2.tgz"
    "version" "0.6.2"
  
  "source-map@^0.6.1":
    "integrity" "sha1-dHIq8y6WFOnCh6jQu95IteLxomM="
    "resolved" "https://registry.npm.taobao.org/source-map/download/source-map-0.6.1.tgz"
    "version" "0.6.1"
  
  "sourcemap-codec@^1.4.4":
    "integrity" "sha1-6oBL2UhXQC5pktBaOO8a41qatMQ="
    "resolved" "https://registry.npm.taobao.org/sourcemap-codec/download/sourcemap-codec-1.4.8.tgz"
    "version" "1.4.8"
  
  "spdx-correct@^3.0.0":
    "integrity" "sha512-cOYcUWwhCuHCXi49RhFRCyJEK3iPj1Ziz9DpViV3tbZOwXD49QzIN3MpOLJNxh2qwq2lJJZaKMVw9qNi4jTC0w=="
    "resolved" "https://registry.npmjs.org/spdx-correct/-/spdx-correct-3.1.1.tgz"
    "version" "3.1.1"
    dependencies:
      "spdx-expression-parse" "^3.0.0"
      "spdx-license-ids" "^3.0.0"
  
  "spdx-exceptions@^2.1.0":
    "integrity" "sha512-/tTrYOC7PPI1nUAgx34hUpqXuyJG+DTHJTnIULG4rDygi4xu/tfgmq1e1cIRwRzwZgo4NLySi+ricLkZkw4i5A=="
    "resolved" "https://registry.npmjs.org/spdx-exceptions/-/spdx-exceptions-2.3.0.tgz"
    "version" "2.3.0"
  
  "spdx-expression-parse@^3.0.0":
    "integrity" "sha512-cbqHunsQWnJNE6KhVSMsMeH5H/L9EpymbzqTQ3uLwNCLZ1Q481oWaofqH7nO6V07xlXwY6PhQdQ2IedWx/ZK4Q=="
    "resolved" "https://registry.npmjs.org/spdx-expression-parse/-/spdx-expression-parse-3.0.1.tgz"
    "version" "3.0.1"
    dependencies:
      "spdx-exceptions" "^2.1.0"
      "spdx-license-ids" "^3.0.0"
  
  "spdx-license-ids@^3.0.0":
    "integrity" "sha512-oie3/+gKf7QtpitB0LYLETe+k8SifzsX4KixvpOsbI6S0kRiRQ5MKOio8eMSAKQ17N06+wdEOXRiId+zOxo0hA=="
    "resolved" "https://registry.npmjs.org/spdx-license-ids/-/spdx-license-ids-3.0.10.tgz"
    "version" "3.0.10"
  
  "string_decoder@^1.1.1":
    "integrity" "sha512-hkRX8U1WjJFd8LsDJ2yQ/wWWxaopEsABU1XfkM8A+j0+85JAGppt16cr1Whg6KIbb4okU6Mql6BOj+uup/wKeA=="
    "resolved" "https://registry.npmjs.org/string_decoder/-/string_decoder-1.3.0.tgz"
    "version" "1.3.0"
    dependencies:
      "safe-buffer" "~5.2.0"
  
  "strip-ansi@^6.0.0":
    "integrity" "sha512-Y38VPSHcqkFrCpFnQ9vuSXmquuv5oXOKpGeT6aGrr3o3Gc9AlVa6JBfUSOCnbxGGZF+/0ooI7KrPuUSztUdU5A=="
    "resolved" "https://registry.npmjs.org/strip-ansi/-/strip-ansi-6.0.1.tgz"
    "version" "6.0.1"
    dependencies:
      "ansi-regex" "^5.0.1"
  
  "strip-eof@^1.0.0":
    "integrity" "sha1-u0P/VZim6wXYm1n80SnJgzE2Br8="
    "resolved" "https://registry.npmjs.org/strip-eof/-/strip-eof-1.0.0.tgz"
    "version" "1.0.0"
  
  "supports-color@^5.3.0":
    "integrity" "sha512-QjVjwdXIt408MIiAqCX4oUKsgU2EqAGzs2Ppkm4aQYbjm+ZEWEcW4SfFNTr4uMNZma0ey4f5lgLrkB0aX0QMow=="
    "resolved" "https://registry.npmjs.org/supports-color/-/supports-color-5.5.0.tgz"
    "version" "5.5.0"
    dependencies:
      "has-flag" "^3.0.0"
  
  "supports-color@^7.1.0":
    "integrity" "sha512-qpCAvRl9stuOHveKsn7HncJRvv501qIacKzQlO/+Lwxc9+0q2wLyv4Dfvt80/DPn2pqOBsJdDiogXGR9+OvwRw=="
    "resolved" "https://registry.npmjs.org/supports-color/-/supports-color-7.2.0.tgz"
    "version" "7.2.0"
    dependencies:
      "has-flag" "^4.0.0"
  
  "tr46@~0.0.3":
    "integrity" "sha1-gYT9NH2snNwYWZLzpmIuFLnZq2o="
    "resolved" "https://registry.npmjs.org/tr46/-/tr46-0.0.3.tgz"
    "version" "0.0.3"
  
  "type-fest@^0.6.0":
    "integrity" "sha512-q+MB8nYR1KDLrgr4G5yemftpMC7/QLqVndBmEEdqzmNj5dcFOO4Oo8qlwZE3ULT3+Zim1F8Kq4cBnikNhlCMlg=="
    "resolved" "https://registry.npmjs.org/type-fest/-/type-fest-0.6.0.tgz"
    "version" "0.6.0"
  
  "util-deprecate@^1.0.1":
    "integrity" "sha1-RQ1Nyfpw3nMnYvvS1KKJgUGaDM8="
    "resolved" "https://registry.npmjs.org/util-deprecate/-/util-deprecate-1.0.2.tgz"
    "version" "1.0.2"
  
  "validate-npm-package-license@^3.0.1":
    "integrity" "sha512-DpKm2Ui/xN7/HQKCtpZxoRWBhZ9Z0kqtygG8XCgNQ8ZlDnxuQmWhj566j8fN4Cu3/JmbhsDo7fcAJq4s9h27Ew=="
    "resolved" "https://registry.npmjs.org/validate-npm-package-license/-/validate-npm-package-license-3.0.4.tgz"
    "version" "3.0.4"
    dependencies:
      "spdx-correct" "^3.0.0"
      "spdx-expression-parse" "^3.0.0"
  
  "vite@^2.5.10", "vite@^2.6.4":
    "integrity" "sha1-4VwdgyeVByC118TsP7NqWljM98s="
    "resolved" "https://registry.npmmirror.com/vite/download/vite-2.6.7.tgz"
    "version" "2.6.7"
    dependencies:
      "esbuild" "^0.13.2"
      "postcss" "^8.3.8"
      "resolve" "^1.20.0"
      "rollup" "^2.57.0"
    optionalDependencies:
      "fsevents" "~2.3.2"
  
  "vue-router@4":
    "integrity" "sha1-jceSzd9bsavMOQj5BkE23n4TxGA="
    "resolved" "https://registry.npmmirror.com/vue-router/download/vue-router-4.0.12.tgz?cache=0&sync_timestamp=1634229009141&other_urls=https%3A%2F%2Fregistry.npmmirror.com%2Fvue-router%2Fdownload%2Fvue-router-4.0.12.tgz"
    "version" "4.0.12"
    dependencies:
      "@vue/devtools-api" "^6.0.0-beta.18"
  
  "vue@^3.0.0", "vue@^3.0.2", "vue@^3.2.16", "vue@3.2.20":
    "integrity" "sha1-lA+KqL8+O+eCQ8pYK61B/NRa4+Y="
    "resolved" "https://registry.npmmirror.com/vue/download/vue-3.2.20.tgz?cache=0&sync_timestamp=1633712907554&other_urls=https%3A%2F%2Fregistry.npmmirror.com%2Fvue%2Fdownload%2Fvue-3.2.20.tgz"
    "version" "3.2.20"
    dependencies:
      "@vue/compiler-dom" "3.2.20"
      "@vue/compiler-sfc" "3.2.20"
      "@vue/runtime-dom" "3.2.20"
      "@vue/server-renderer" "3.2.20"
      "@vue/shared" "3.2.20"
  
  "vuex@^4.0.2":
    "integrity" "sha1-+Jbb1b8qDpY/AMZ+m2EN50nMrMk="
    "resolved" "https://registry.nlark.com/vuex/download/vuex-4.0.2.tgz"
    "version" "4.0.2"
    dependencies:
      "@vue/devtools-api" "^6.0.0-beta.11"
  
  "wcwidth@^1.0.1":
    "integrity" "sha1-8LDc+RW8X/FSivrbLA4XtTLaL+g="
    "resolved" "https://registry.npmjs.org/wcwidth/-/wcwidth-1.0.1.tgz"
    "version" "1.0.1"
    dependencies:
      "defaults" "^1.0.3"
  
  "webidl-conversions@^3.0.0":
    "integrity" "sha1-JFNCdeKnvGvnvIZhHMFq4KVlSHE="
    "resolved" "https://registry.npmjs.org/webidl-conversions/-/webidl-conversions-3.0.1.tgz"
    "version" "3.0.1"
  
  "whatwg-url@^5.0.0":
    "integrity" "sha1-lmRU6HZUYuN2RNNib2dCzotwll0="
    "resolved" "https://registry.npmjs.org/whatwg-url/-/whatwg-url-5.0.0.tgz"
    "version" "5.0.0"
    dependencies:
      "tr46" "~0.0.3"
      "webidl-conversions" "^3.0.0"
  
  "which@^1.2.9":
    "integrity" "sha512-HxJdYWq1MTIQbJ3nw0cqssHoTNU267KlrDuGZ1WYlxDStUtKUhOaJmh112/TZmHxxUfuJqPXSOm7tDyas0OSIQ=="
    "resolved" "https://registry.npmjs.org/which/-/which-1.3.1.tgz"
    "version" "1.3.1"
    dependencies:
      "isexe" "^2.0.0"
  
  "wrappy@1":
    "integrity" "sha1-tSQ9jz7BqjXxNkYFvA0QNuMKtp8="
    "resolved" "https://registry.npmjs.org/wrappy/-/wrappy-1.0.2.tgz"
    "version" "1.0.2"
  
  "yallist@^4.0.0":
    "integrity" "sha512-3wdGidZyq5PB084XLES5TpOSRA3wjXAlIWMhum2kRcv/41Sn2emQ0dycQW4uZXLejwKvg6EsvbdlVL+FYEct7A=="
    "resolved" "https://registry.npmjs.org/yallist/-/yallist-4.0.0.tgz"
    "version" "4.0.0"
